<?xml version="1.0" encoding="UTF-8"?>
<testng-results skipped="0" failed="0" ignored="0" total="1" passed="1">
  <reporter-output>
  </reporter-output>
  <suite name="Default suite" duration-ms="5121" started-at="2021-02-12T20:46:24Z" finished-at="2021-02-12T20:46:29Z">
    <groups>
    </groups>
    <test name="Default test" duration-ms="5121" started-at="2021-02-12T20:46:24Z" finished-at="2021-02-12T20:46:29Z">
      <class name="com.qa.test.restAPI.PostAPItest">
        <test-method status="PASS" signature="setUp()[pri:0, instance:com.qa.test.restAPI.PostAPItest@7cd62f43]" name="setUp" is-config="true" duration-ms="33" started-at="2021-02-12T20:46:24Z" finished-at="2021-02-12T20:46:24Z">
          <reporter-output>
          </reporter-output>
        </test-method> <!-- setUp -->
        <test-method status="PASS" signature="postAPITest()[pri:0, instance:com.qa.test.restAPI.PostAPItest@7cd62f43]" name="postAPITest" duration-ms="4963" started-at="2021-02-12T20:46:24Z" finished-at="2021-02-12T20:46:29Z">
          <reporter-output>
          </reporter-output>
        </test-method> <!-- postAPITest -->
      </class> <!-- com.qa.test.restAPI.PostAPItest -->
    </test> <!-- Default test -->
  </suite> <!-- Default suite -->
</testng-results>
